Human Computer Interaction (HCI)/Assignment 5/Notepadv1Solution/app/build/intermediates/manifest_merge_blame_file/release/manifest-merger-blame-release-report.txt
1<?xml version="1.0" encoding="utf-8"?>
2<manifest xmlns:android="http://schemas.android.com/apk/res/android"
3    package="com.android.demo.notepad1" >
4
5    <application android:icon="@drawable/icon" >
5-->src\main\AndroidManifest.xml:4:5-11:19
5-->src\main\AndroidManifest.xml:4:18-47
6        <activity
6-->src\main\AndroidManifest.xml:5:9-10:20
7            android:name="com.android.demo.notepad1.Notepadv1"
7-->src\main\AndroidManifest.xml:5:19-44
8            android:label="@string/app_name" >
8-->src\main\AndroidManifest.xml:5:45-77
9            <intent-filter>
9-->src\main\AndroidManifest.xml:6:13-9:29
10                <action android:name="android.intent.action.MAIN" />
10-->src\main\AndroidManifest.xml:7:17-69
10-->src\main\AndroidManifest.xml:7:25-66
11
12                <category android:name="android.intent.category.LAUNCHER" />
12-->src\main\AndroidManifest.xml:8:17-77
12-->src\main\AndroidManifest.xml:8:27-74
13            </intent-filter>
14        </activity>
15    </application>
16
17</manifest>